D:\学习\WORKINBJ\ZJJ\ML_GVIDMW_DLL 3.1\MFC_DEMO\DEBUG\MFC_DEMO.PCH
D:\学习\WORKINBJ\ZJJ\ML_GVIDMW_DLL 3.1\MFC_DEMO\DEBUG\STDAFX.OBJ
D:\学习\WORKINBJ\ZJJ\ML_GVIDMW_DLL 3.1\MFC_DEMO\DEBUG\VC110.PDB
D:\学习\WORKINBJ\ZJJ\ML_GVIDMW_DLL 3.1\MFC_DEMO\DEBUG\MFC_DEMO.OBJ
D:\学习\WORKINBJ\ZJJ\ML_GVIDMW_DLL 3.1\MFC_DEMO\DEBUG\MFC_DEMODLG.OBJ
D:\学习\WORKINBJ\ZJJ\ML_GVIDMW_DLL 3.1\MFC_DEMO\DEBUG\MFC_DEMO.ILK
D:\学习\WORKINBJ\ZJJ\ML_GVIDMW_DLL 3.1\MFC_DEMO\DEBUG\MFC_DEMO.EXE
D:\学习\WORKINBJ\ZJJ\ML_GVIDMW_DLL 3.1\MFC_DEMO\DEBUG\MFC_DEMO.PDB
D:\学习\WORKINBJ\ZJJ\ML_GVIDMW_DLL 3.1\MFC_DEMO\DEBUG\MFC_DEMO.RES
D:\学习\WorkInBJ\ZJJ\ML_GVIDMW_DLL 3.1\MFC_Demo\Debug\MFC_Demo.obj
D:\学习\WorkInBJ\ZJJ\ML_GVIDMW_DLL 3.1\MFC_Demo\Debug\MFC_DemoDlg.obj
D:\学习\WorkInBJ\ZJJ\ML_GVIDMW_DLL 3.1\MFC_Demo\Debug\stdafx.obj
D:\学习\WorkInBJ\ZJJ\ML_GVIDMW_DLL 3.1\MFC_Demo\Debug\MFC_Demo.ilk
D:\学习\WorkInBJ\ZJJ\ML_GVIDMW_DLL 3.1\MFC_Demo\Debug\cl.command.1.tlog
D:\学习\WorkInBJ\ZJJ\ML_GVIDMW_DLL 3.1\MFC_Demo\Debug\CL.read.1.tlog
D:\学习\WorkInBJ\ZJJ\ML_GVIDMW_DLL 3.1\MFC_Demo\Debug\CL.write.1.tlog
D:\学习\WorkInBJ\ZJJ\ML_GVIDMW_DLL 3.1\MFC_Demo\Debug\link-cvtres.read.1.tlog
D:\学习\WorkInBJ\ZJJ\ML_GVIDMW_DLL 3.1\MFC_Demo\Debug\link-cvtres.write.1.tlog
D:\学习\WorkInBJ\ZJJ\ML_GVIDMW_DLL 3.1\MFC_Demo\Debug\link-mt.read.1.tlog
D:\学习\WorkInBJ\ZJJ\ML_GVIDMW_DLL 3.1\MFC_Demo\Debug\link-mt.write.1.tlog
D:\学习\WorkInBJ\ZJJ\ML_GVIDMW_DLL 3.1\MFC_Demo\Debug\link-rc.read.1.tlog
D:\学习\WorkInBJ\ZJJ\ML_GVIDMW_DLL 3.1\MFC_Demo\Debug\link-rc.write.1.tlog
D:\学习\WorkInBJ\ZJJ\ML_GVIDMW_DLL 3.1\MFC_Demo\Debug\link.command.1.tlog
D:\学习\WorkInBJ\ZJJ\ML_GVIDMW_DLL 3.1\MFC_Demo\Debug\link.read.1.tlog
D:\学习\WorkInBJ\ZJJ\ML_GVIDMW_DLL 3.1\MFC_Demo\Debug\link.write.1.tlog
D:\学习\WorkInBJ\ZJJ\ML_GVIDMW_DLL 3.1\MFC_Demo\Debug\rc.command.1.tlog
D:\学习\WorkInBJ\ZJJ\ML_GVIDMW_DLL 3.1\MFC_Demo\Debug\rc.read.1.tlog
D:\学习\WorkInBJ\ZJJ\ML_GVIDMW_DLL 3.1\MFC_Demo\Debug\rc.write.1.tlog
D:\学习\WorkInBJ\ZJJ\ML_GVIDMW_DLL 3.1\MFC_Demo\Debug\MFC_Demo.exe.embed.manifest
D:\学习\WorkInBJ\ZJJ\ML_GVIDMW_DLL 3.1\MFC_Demo\Debug\MFC_Demo.res
D:\学习\WorkInBJ\ZJJ\ML_GVIDMW_DLL 3.1\MFC_Demo\Debug\MFC_Demo.pch
D:\学习\WorkInBJ\ZJJ\ML_GVIDMW_DLL 3.1\MFC_Demo\Debug\vc110.idb
D:\学习\WorkInBJ\ZJJ\ML_GVIDMW_DLL 3.1\MFC_Demo\Debug\vc80.idb
D:\学习\WorkInBJ\ZJJ\ML_GVIDMW_DLL 3.1\MFC_Demo\Debug\MFC_Demo.pdb
D:\学习\WorkInBJ\ZJJ\ML_GVIDMW_DLL 3.1\MFC_Demo\Debug\vc110.pdb
D:\学习\WorkInBJ\ZJJ\ML_GVIDMW_DLL 3.1\MFC_Demo\Debug\vc80.pdb
D:\学习\WorkInBJ\ZJJ\ML_GVIDMW_DLL 3.1\MFC_Demo\Debug\MFC_Demo.exe
